2016-06-30 15:23:02,773   GET     301      14 ms  /
2016-06-30 15:23:02,780   GET     200       3 ms  /flow/index.html
2016-06-30 15:23:02,921   GET     200       2 ms  /flow/css/flow.css
2016-06-30 15:23:02,922   GET     200       3 ms  /flow/css/scala-editor.css
2016-06-30 15:23:02,923   GET     200       6 ms  /flow/css/flow-lib.css
2016-06-30 15:23:02,924   GET     200       1 ms  /flow/custom/custom.css
2016-06-30 15:23:02,928   GET     200       6 ms  /flow/js/flow.js
2016-06-30 15:23:02,987   GET     200      65 ms  /flow/js/flow-lib.js
2016-06-30 15:23:03,595   GET     200       1 ms  /flow/img/h2o.png
2016-06-30 15:23:03,597   GET     200       4 ms  /flow/fonts/fontawesome-webfont.woff
2016-06-30 15:23:03,874   GET     200     121 ms  /3/Metadata/endpoints
2016-06-30 15:23:03,987   GET     200       2 ms  /flow/help/catalog.json
2016-06-30 15:23:03,997   GET     200      13 ms  /3/NodePersistentStorage/categories/environment/names/clips/exists
2016-06-30 15:23:03,998   GET     200      15 ms  /3/NodePersistentStorage/notebook
2016-06-30 15:23:03,998   GET     200      12 ms  /3/About
2016-06-30 15:23:04,002   POST    200       9 ms  /3/scalaint
2016-06-30 15:23:04,010   GET     200       4 ms  /flow/img/h2o-flow.png
2016-06-30 15:23:04,056   GET     200      65 ms  /3/ModelBuilders
2016-06-30 15:23:04,140   GET     200       3 ms  /flow/fonts/Lato-Regular.woff2
2016-06-30 15:23:05,635   GET     200       3 ms  /favicon.ico
2016-06-30 15:23:18,839   GET     200      17 ms  /3/Jobs
2016-06-30 15:23:47,039   GET     200       1 ms  /flow/index.html
2016-06-30 15:23:47,185   GET     200       1 ms  /flow/css/scala-editor.css
2016-06-30 15:23:47,185   GET     200       1 ms  /flow/css/flow.css
2016-06-30 15:23:47,186   GET     200       3 ms  /flow/css/flow-lib.css
2016-06-30 15:23:47,187   GET     200       2 ms  /flow/custom/custom.css
2016-06-30 15:23:47,192   GET     200       4 ms  /flow/js/flow.js
2016-06-30 15:23:47,262   GET     200      75 ms  /flow/js/flow-lib.js
2016-06-30 15:23:47,659   GET     200      31 ms  /3/Metadata/endpoints
2016-06-30 15:23:47,778   GET     200       1 ms  /3/NodePersistentStorage/notebook
2016-06-30 15:23:47,779   GET     200       1 ms  /3/NodePersistentStorage/categories/environment/names/clips/exists
2016-06-30 15:23:47,781   GET     200       0 ms  /3/About
2016-06-30 15:23:47,782   GET     200       1 ms  /flow/help/catalog.json
2016-06-30 15:23:47,787   POST    200       1 ms  /3/scalaint
2016-06-30 15:23:47,798   GET     200      13 ms  /3/ModelBuilders
2016-06-30 15:23:47,815   GET     200       1 ms  /flow/fonts/fontawesome-webfont.woff
2016-06-30 15:23:47,815   GET     200       1 ms  /flow/img/h2o.png
2016-06-30 15:23:47,816   GET     200       2 ms  /flow/img/h2o-flow.png
2016-06-30 15:23:48,071   GET     200       2 ms  /flow/fonts/Lato-Regular.woff2
2016-06-30 15:23:48,865   GET     200       2 ms  /favicon.ico
2016-06-30 15:25:02,417   POST    200       4 ms  /3/Shutdown
2016-06-30 15:25:28,891   GET     200    1882 ms  /flow/index.html
2016-06-30 15:25:29,017   GET     200       6 ms  /flow/css/flow-lib.css
2016-06-30 15:25:29,020   GET     200       2 ms  /flow/css/scala-editor.css
2016-06-30 15:25:29,020   GET     200       8 ms  /flow/css/flow.css
2016-06-30 15:25:29,021   GET     200       2 ms  /flow/custom/custom.css
2016-06-30 15:25:29,026   GET     200       8 ms  /flow/js/flow.js
2016-06-30 15:25:29,090   GET     200      71 ms  /flow/js/flow-lib.js
2016-06-30 15:25:29,161   GET     200       1 ms  /flow/img/h2o.png
2016-06-30 15:25:29,165   GET     200       5 ms  /flow/fonts/fontawesome-webfont.woff
2016-06-30 15:25:29,814   GET     200     210 ms  /3/Metadata/endpoints
2016-06-30 15:25:29,974   GET     200       1 ms  /flow/help/catalog.json
2016-06-30 15:25:29,985   GET     200       1 ms  /flow/img/h2o-flow.png
2016-06-30 15:25:29,992   GET     200      24 ms  /3/NodePersistentStorage/notebook
2016-06-30 15:25:29,992   GET     200      20 ms  /3/NodePersistentStorage/categories/environment/names/clips/exists
2016-06-30 15:25:30,008   POST    200      27 ms  /3/scalaint
2016-06-30 15:25:30,008   GET     200      32 ms  /3/About
2016-06-30 15:25:30,084   GET     200     106 ms  /3/ModelBuilders
2016-06-30 15:25:30,135   GET     200       4 ms  /flow/fonts/Lato-Regular.woff2
2016-06-30 15:25:31,383   GET     200       2 ms  /favicon.ico
2016-06-30 15:34:22,184   GET     200      15 ms  /flow/index.html
2016-06-30 15:34:22,317   GET     200       6 ms  /flow/css/flow.css
2016-06-30 15:34:22,318   GET     200       4 ms  /flow/css/scala-editor.css
2016-06-30 15:34:22,319   GET     200       8 ms  /flow/css/flow-lib.css
2016-06-30 15:34:22,319   GET     200       3 ms  /flow/custom/custom.css
2016-06-30 15:34:22,325   GET     200       8 ms  /flow/js/flow.js
2016-06-30 15:34:22,378   GET     200      62 ms  /flow/js/flow-lib.js
2016-06-30 15:34:23,339   GET     200     224 ms  /3/Metadata/endpoints
2016-06-30 15:34:23,932   GET     200       2 ms  /flow/help/catalog.json
2016-06-30 15:34:23,943   GET     200       8 ms  /flow/fonts/fontawesome-webfont.woff
2016-06-30 15:34:23,947   GET     200       1 ms  /flow/img/h2o-flow.png
2016-06-30 15:34:23,948   POST    200      19 ms  /3/scalaint
2016-06-30 15:34:23,951   GET     200       1 ms  /flow/img/h2o.png
2016-06-30 15:34:23,955   GET     200      26 ms  /3/NodePersistentStorage/notebook
2016-06-30 15:34:23,955   GET     200      26 ms  /3/NodePersistentStorage/categories/environment/names/clips/exists
2016-06-30 15:34:23,958   GET     200      28 ms  /3/About
2016-06-30 15:34:24,034   GET     200     105 ms  /3/ModelBuilders
2016-06-30 15:34:24,314   GET     200       2 ms  /flow/fonts/Lato-Regular.woff2
2016-06-30 15:34:25,458   GET     200       1 ms  /favicon.ico
2016-06-30 15:34:26,099   GET     200      11 ms  /3/Jobs
2016-06-30 15:34:28,832   GET     200       1 ms  /3/Jobs
2016-06-30 15:34:30,845   GET     200       1 ms  /3/Jobs
2016-06-30 15:34:33,780   GET     200       1 ms  /3/Jobs
2016-06-30 15:34:36,137   GET     200       1 ms  /3/Jobs
2016-06-30 15:34:38,157   GET     200      14 ms  /3/Jobs
2016-06-30 15:34:40,187   GET     200       7 ms  /3/Jobs
2016-06-30 15:34:42,235   GET     200       3 ms  /3/Jobs
2016-06-30 15:34:44,262   GET     200       4 ms  /3/Jobs
2016-06-30 15:34:46,297   GET     200       3 ms  /3/Jobs
2016-06-30 15:34:48,322   GET     200       2 ms  /3/Jobs
2016-06-30 15:34:50,348   GET     200       3 ms  /3/Jobs
2016-06-30 15:34:52,375   GET     200       2 ms  /3/Jobs
2016-06-30 15:34:54,408   GET     200       3 ms  /3/Jobs
2016-06-30 15:34:56,432   GET     200       4 ms  /3/Jobs
2016-06-30 15:34:58,870   GET     200       4 ms  /3/Jobs
2016-06-30 15:35:02,018   GET     200       2 ms  /3/Jobs
2016-06-30 15:35:05,066   GET     200       2 ms  /3/Jobs
2016-06-30 15:35:07,795   GET     200       2 ms  /3/Jobs
2016-06-30 15:35:10,244   GET     200       2 ms  /3/Jobs
2016-06-30 15:35:12,515   GET     200       2 ms  /3/Jobs
2016-06-30 15:35:14,559   GET     200       3 ms  /3/Jobs
2016-06-30 15:35:16,587   GET     200       3 ms  /3/Jobs
2016-06-30 15:35:17,254   GET     200      27 ms  /3/Models
2016-06-30 15:35:18,609   GET     200       3 ms  /3/Jobs
2016-06-30 15:35:20,633   GET     200       3 ms  /3/Jobs
2016-06-30 15:35:22,653   GET     200       2 ms  /3/Jobs
2016-06-30 15:35:24,673   GET     200       2 ms  /3/Jobs
2016-06-30 15:35:25,213   GET     200      50 ms  /3/Models/GBM_model_1467318857043_9
2016-06-30 15:35:25,278   GET     200       2 ms  /flow/fonts/SourceCodePro-Bold.ttf.woff2
2016-06-30 15:35:26,696   GET     200       2 ms  /3/Jobs
2016-06-30 15:35:28,715   GET     200       2 ms  /3/Jobs
2016-06-30 15:35:30,733   GET     200       1 ms  /3/Jobs
2016-06-30 15:35:32,127   GET     200       2 ms  /flow/fonts/SourceCodePro-It.ttf.woff2
2016-06-30 15:35:32,755   GET     200       3 ms  /3/Jobs
2016-06-30 15:35:34,778   GET     200       2 ms  /3/Jobs
2016-06-30 15:35:36,799   GET     200       4 ms  /3/Jobs
2016-06-30 15:35:38,819   GET     200       2 ms  /3/Jobs
2016-06-30 15:35:40,855   GET     200       2 ms  /3/Jobs
2016-06-30 15:35:42,111   GET     200      30 ms  /3/Models.java/GBM_model_1467318857043_9/preview
2016-06-30 15:35:42,885   GET     200       1 ms  /3/Jobs
2016-06-30 15:35:44,915   GET     200       1 ms  /3/Jobs
2016-06-30 15:35:46,947   GET     200       2 ms  /3/Jobs
2016-06-30 15:35:48,967   GET     200       3 ms  /3/Jobs
2016-06-30 15:35:50,991   GET     200       2 ms  /3/Jobs
2016-06-30 15:35:53,014   GET     200       3 ms  /3/Jobs
2016-06-30 15:35:55,058   GET     200       2 ms  /3/Jobs
2016-06-30 15:35:57,076   GET     200       1 ms  /3/Jobs
2016-06-30 15:35:59,099   GET     200       2 ms  /3/Jobs
2016-06-30 15:36:01,121   GET     200       2 ms  /3/Jobs
2016-06-30 15:36:03,140   GET     200       2 ms  /3/Jobs
2016-06-30 15:36:05,162   GET     200       4 ms  /3/Jobs
2016-06-30 15:36:07,189   GET     200       2 ms  /3/Jobs
2016-06-30 15:36:08,623   POST    200       4 ms  /3/Shutdown
2016-06-30 15:36:09,214   GET     200       3 ms  /3/Jobs
